A702S
A743T
A750_E758del
A750_E758delinsP
A750_I759delinsLN
A750V
A763insFQEA
A763V
A767dupASV
A767insSVD
A767_V769del
A839T
A859_L883delinsV
A859T
A871G
A871T
D761Y+L858R
D770delinsGY
D770insD
D770insGL
D770insGT
D770insNPH
D770insSVD
D770insSVR
D770insVDSVDNP
E709A+G719C
E709A+G719S
E709A+L858R
E709G+G719C
E709G+L858R
E709insD
E709K+G719A
E709K+G719C
E709K+G719S
E709K+L858R
E709Q
E709_T710delinsD
E709V+L858R
E711K
E746_A750del
E746_A750del+F856L
E746_A750del+G796A
E746_A750delinsELREA
E746_A750delinsQ
E746_A750del+L858R
E746_A750del+T790M
E746_A750del+V786M
E746_A750del+V802F
E746_E749del
E746G+L861Q
E746I+L747_S752del
E746_R748del+A750P
E746_S752delinsA
E746_S752delinsI
E746_S752delinsS
E746_S752delinsV
E746_T751del
E746_T751delinsA
E746_T751delinsIP
E746_T751delinsL
E746_T751delinsV
E746V
E746V+L747P
E746V+L747_S752del
E750_K758del
E758G
E758G+L858R
F712S+D855G+E868G
F723L
G719A
G719A+R776C
G719A+S720F
G719A+S768I
G719A+T725M
G719A+T790M
G719C
G719C+L861Q
G719C+S768I
G719D
G719D+L861Q
G719R
G719S
G719S+L747S
G719S+L858R
G719S+L861Q
G719S+S768I
G719S+T790M
G721A
G721S+L858R
G724S+S768I
G753S
G779S
G779S+L858R
G796S
G857E
G857G+L858R
G857R
G857V
G863D
G863S
G874S
H773insAH
H773insH
H773insNPH
H773insQ
H850D+L858R
I740insIPVAIK
I744insKIPVAI
I744_K745delinsKIPVAI
I744M
I744V
K708M
K745_A750delinsK
K745insIPVAIK
K745insTPVAIK
K757R
K806E
K846R
K852T+L858R
K860E
K860I+L861Q
L692P
L703F
L703P
L704M+G719A+A840G
L718P
L718Q+L858R
L718Q+T790M+L858R
L747_A750del
L747_A750delinsP
L747_E749del
L747_E749del+A750P
L747FS
L747P
L747_P753del
L747_P753delinsS
L747_P753delinsS+L861Q
L747P+L747S
L747S
L747_S752del
L747_S752delinQH+T790M
L747_S752del+P753S+A755G
L747_S752del+T790M
L747S+A750_K754del
L747S+L858R
L747_T751del
L747_T751delinsF
L747_T751delinsLREAT
L747_T751delinsP
L747_T751delinsP+T790M
L747_T751delinsQ
L747_T751del+R776S
L747V+L858R
L777G
L833F+L858R
L833V+L858R
L838P
L838P+E868G
L858M
L858M+L861Q
L858R
L858R+A871E
L858R+A871G
L858R+G873E
L858R+H870R
L858R+K860I
L858R+L861F
L858V
L861G
L861Q
L861R
L862V
M766insASV
N700D
N771delinsGY
N771insN
N771Y
N826S
N826Y
N842S
P691S
P699S
P753S+L858R
P772dupPHV
P772insYNP
P772insYNP+H773Y
P772P
Q701L+I706T+G719S
Q787Q
Q787Q+L858R
R748W
R776C+L858R
R776G+L858R
R776H
R776H+L858R
R776H+L861Q
R831C+L861R
R831H+L861Q
R832L
R836C
R836R+V843I
S720P
S752_I759del
S768dupSVD
S768I
S768I+L858R
S768insVAS
S768I+T790M+L858R
S768I+V769L
S768I+V774M
S784F
S784P
S921R
T751_A755delinsNY
T751_D761delinsLY
T751I
T751_I759delinsG
T751_I759delinsLD
T751_I759delinsN
T751_L760delinsNL
T751N+S752_I759del
T783A
T790M
T790M+G861L
T790M+L858R
T790M+L858R+K860I
T790M+L861Q
T847A+G863S
T847I
T854A+L858R
T854S+L858R
V689L+L858R
V689M
V726M
V738F+L858R
V740A
V740L
V742A
V765A
V765M+L798H+K806E+L814P
V769A
V769insASV
V769insGVV
V774A
V774L
V774M
V786M
V802F+L858R
V834del
V834I
V834L+L858R
V843I
V843I+L858R
V851I
V852I
WT
Y727H
Y764insHH
